<?xml version="1.0" encoding="UTF-8"?>
<testng-results ignored="0" total="1" passed="1" failed="0" skipped="0">
  <reporter-output>
  </reporter-output>
  <suite started-at="2022-08-22T12:48:30 ART" name="EmarasTest" finished-at="2022-08-22T12:48:47 ART" duration-ms="17415">
    <groups>
      <group name="cucumber">
        <method signature="AbstractTestNGCucumberTests.feature(cucumber.api.testng.CucumberFeatureWrapper)[pri:0, instance:EmarasTest@319b92f3]" name="feature" class="cucumber.api.testng.AbstractTestNGCucumberTests"/>
      </group> <!-- cucumber -->
    </groups>
    <test started-at="2022-08-22T12:48:30 ART" name="Command line test" finished-at="2022-08-22T12:48:47 ART" duration-ms="17415">
      <class name="EmarasTest">
        <test-method is-config="true" signature="setUpClass()[pri:0, instance:EmarasTest@319b92f3]" started-at="2022-08-22T12:48:30 ART" name="setUpClass" finished-at="2022-08-22T12:48:30 ART" duration-ms="207" status="PASS">
          <reporter-output>
          </reporter-output>
        </test-method> <!-- setUpClass -->
        <test-method signature="feature(cucumber.api.testng.CucumberFeatureWrapper)[pri:0, instance:EmarasTest@319b92f3]" started-at="2022-08-22T12:48:30 ART" name="feature" description="Runs Cucumber Feature" data-provider="features" finished-at="2022-08-22T12:48:47 ART" duration-ms="16888" status="PASS">
          <params>
            <param index="0">
              <value>
                <![CDATA[demoblaze]]>
              </value>
            </param>
          </params>
          <reporter-output>
          </reporter-output>
        </test-method> <!-- feature -->
        <test-method is-config="true" signature="tearDownClass()[pri:0, instance:EmarasTest@319b92f3]" started-at="2022-08-22T12:48:47 ART" name="tearDownClass" finished-at="2022-08-22T12:48:47 ART" duration-ms="227" status="PASS">
          <reporter-output>
          </reporter-output>
        </test-method> <!-- tearDownClass -->
      </class> <!-- EmarasTest -->
    </test> <!-- Command line test -->
  </suite> <!-- EmarasTest -->
</testng-results>
